C:\USERS\CSAAVEDRA\DESKTOP\DEGREE\BSGD\EXTERNALDEPENDENCIES\NEW ENGINE\DEBUG\TEMP\CAMERA.OBJ
C:\USERS\CSAAVEDRA\DESKTOP\DEGREE\BSGD\EXTERNALDEPENDENCIES\NEW ENGINE\DEBUG\TEMP\CLOCK.OBJ
C:\USERS\CSAAVEDRA\DESKTOP\DEGREE\BSGD\EXTERNALDEPENDENCIES\NEW ENGINE\DEBUG\TEMP\ENGINE.OBJ
C:\USERS\CSAAVEDRA\DESKTOP\DEGREE\BSGD\EXTERNALDEPENDENCIES\NEW ENGINE\DEBUG\TEMP\RENDERER.OBJ
C:\USERS\CSAAVEDRA\DESKTOP\DEGREE\BSGD\EXTERNALDEPENDENCIES\NEW ENGINE\DEBUG\TEMP\RENDERER_MOC.OBJ
C:\USERS\CSAAVEDRA\DESKTOP\DEGREE\BSGD\EXTERNALDEPENDENCIES\NEW ENGINE\DEBUG\TEMP\UNIFORMMANAGER.OBJ
C:\USERS\CSAAVEDRA\DESKTOP\DEGREE\BSGD\EXTERNALDEPENDENCIES\NEW ENGINE\DEBUG\TEMP\VC100.PDB
C:\Users\csaavedra\Desktop\Degree\BSGD\ExternalDependencies\New Engine\Debug\Engine.lib
C:\Users\csaavedra\Desktop\Degree\BSGD\ExternalDependencies\New Engine\Debug\Engine.exp
C:\USERS\CSAAVEDRA\DESKTOP\DEGREE\BSGD\EXTERNALDEPENDENCIES\NEW ENGINE\DEBUG\ENGINE.ILK
C:\USERS\CSAAVEDRA\DESKTOP\DEGREE\BSGD\EXTERNALDEPENDENCIES\NEW ENGINE\DEBUG\ENGINE.DLL
C:\USERS\CSAAVEDRA\DESKTOP\DEGREE\BSGD\EXTERNALDEPENDENCIES\NEW ENGINE\DEBUG\TEMP\ENGINE.DLL.INTERMEDIATE.MANIFEST
C:\USERS\CSAAVEDRA\DESKTOP\DEGREE\BSGD\EXTERNALDEPENDENCIES\NEW ENGINE\DEBUG\ENGINE.PDB
C:\Users\csaavedra\Desktop\Degree\BSGD\ExternalDependencies\New Engine\Debug\Temp\Camera.obj
C:\Users\csaavedra\Desktop\Degree\BSGD\ExternalDependencies\New Engine\Debug\Temp\Clock.obj
C:\Users\csaavedra\Desktop\Degree\BSGD\ExternalDependencies\New Engine\Debug\Temp\Engine.obj
C:\Users\csaavedra\Desktop\Degree\BSGD\ExternalDependencies\New Engine\Debug\Temp\Renderer.obj
C:\Users\csaavedra\Desktop\Degree\BSGD\ExternalDependencies\New Engine\Debug\Temp\Renderer_moc.obj
C:\Users\csaavedra\Desktop\Degree\BSGD\ExternalDependencies\New Engine\Debug\Temp\UniformManager.obj
C:\Users\csaavedra\Desktop\Degree\BSGD\ExternalDependencies\New Engine\Debug\Temp\cl.command.1.tlog
C:\Users\csaavedra\Desktop\Degree\BSGD\ExternalDependencies\New Engine\Debug\Temp\CL.read.1.tlog
C:\Users\csaavedra\Desktop\Degree\BSGD\ExternalDependencies\New Engine\Debug\Temp\CL.write.1.tlog
C:\Users\csaavedra\Desktop\Degree\BSGD\ExternalDependencies\New Engine\Debug\Temp\Engine.write.1.tlog
C:\Users\csaavedra\Desktop\Degree\BSGD\ExternalDependencies\New Engine\Debug\Temp\link.command.1.tlog
C:\Users\csaavedra\Desktop\Degree\BSGD\ExternalDependencies\New Engine\Debug\Temp\link.read.1.tlog
C:\Users\csaavedra\Desktop\Degree\BSGD\ExternalDependencies\New Engine\Debug\Temp\link.write.1.tlog
C:\Users\csaavedra\Desktop\Degree\BSGD\ExternalDependencies\New Engine\Debug\Temp\mt.command.1.tlog
C:\Users\csaavedra\Desktop\Degree\BSGD\ExternalDependencies\New Engine\Debug\Temp\mt.read.1.tlog
C:\Users\csaavedra\Desktop\Degree\BSGD\ExternalDependencies\New Engine\Debug\Temp\mt.write.1.tlog
C:\Users\csaavedra\Desktop\Degree\BSGD\ExternalDependencies\New Engine\Debug\Temp\Engine.dll.intermediate.manifest
C:\Users\csaavedra\Desktop\Degree\BSGD\ExternalDependencies\New Engine\Debug\Temp\vc100.idb
C:\Users\csaavedra\Desktop\Degree\BSGD\ExternalDependencies\New Engine\Debug\Temp\vc100.pdb
C:\Users\csaavedra\Desktop\Degree\BSGD\ExternalDependencies\New Engine\Debug\Engine.pdb
C:\Users\csaavedra\Desktop\Degree\BSGD\ExternalDependencies\New Engine\Debug\Engine.dll
C:\Users\csaavedra\Desktop\Degree\BSGD\ExternalDependencies\New Engine\Debug\Engine.ilk
