Build started 6/22/2014 6:53:28 PM.
     1>Project "C:\Users\csaavedra\Desktop\Degree\BSGD\06 Graphics\Scene\Scene.vcxproj" on node 2 (Build target(s)).
     1>ClCompile:
         c:\Program Files (x86)\Microsoft Visual Studio 10.0\VC\bin\CL.exe /c /I"C:\Users\csaavedra\Desktop\Degree\BSGD\06 Graphics\Scene\..\..\ExternalDependencies\New Engine\\" /I"C:\Users\csaavedra\Desktop\Degree\BSGD\06 Graphics\Scene\..\..\ExternalDependencies\glm\\" /I"C:\Users\csaavedra\Desktop\Degree\BSGD\06 Graphics\Scene\..\..\ExternalDependencies\glew\include" /I"C:\Users\csaavedra\Desktop\Degree\BSGD\06 Graphics\Scene\..\..\ExternalDependencies\NeumontTools\include" /I"C:\Users\csaavedra\Desktop\Degree\BSGD\06 Graphics\Scene\..\..\ExternalDependencies\Qt\include" /I"C:\Users\csaavedra\Desktop\Degree\BSGD\06 Graphics\Scene\..\..\ExternalDependencies\New DebugTools\\" /ZI /nologo /W3 /WX- /Od /Oy- /D WIN32 /D _DEBUG /D _CONSOLE /D _UNICODE /D UNICODE /Gm /EHsc /RTC1 /MDd /GS /fp:precise /Zc:wchar_t /Zc:forScope /Fo"Debug\Temp\\" /Fd"Debug\Temp\vc100.pdb" /Gd /TP /analyze- /errorReport:prompt main.cpp MainWindow.cpp MainWindow_moc.cpp
         MainWindow_moc.cpp
         MainWindow.cpp
         main.cpp
         Generating Code...
       ManifestResourceCompile:
         C:\Program Files (x86)\Microsoft SDKs\Windows\v7.0A\bin\rc.exe /nologo /fo"Debug\Temp\Scene.exe.embed.manifest.res" Debug\Temp\Scene_manifest.rc 
       PreLinkEvent:
         
         COPY "C:\Users\csaavedra\Desktop\Degree\BSGD\06 Graphics\Scene\..\..\ExternalDependencies\New Engine\Debug\Engine.dll" "C:\Users\csaavedra\Desktop\Degree\BSGD\06 Graphics\Scene\Debug\" 
         COPY "C:\Users\csaavedra\Desktop\Degree\BSGD\06 Graphics\Scene\..\..\ExternalDependencies\New DebugTools\Debug\New DebugTools.dll" "C:\Users\csaavedra\Desktop\Degree\BSGD\06 Graphics\Scene\Debug\" 
         :VCEnd
                 1 file(s) copied.
                 1 file(s) copied.
       Link:
         c:\Program Files (x86)\Microsoft Visual Studio 10.0\VC\bin\link.exe /ERRORREPORT:PROMPT /OUT:"C:\Users\csaavedra\Desktop\Degree\BSGD\06 Graphics\Scene\Debug\Scene.exe" /INCREMENTAL /NOLOGO /LIBPATH:"C:\Users\csaavedra\Desktop\Degree\BSGD\06 Graphics\Scene\..\..\ExternalDependencies\New Engine\Debug\\" /LIBPATH:"C:\Users\csaavedra\Desktop\Degree\BSGD\06 Graphics\Scene\..\..\ExternalDependencies\Qt\lib" /LIBPATH:"C:\Users\csaavedra\Desktop\Degree\BSGD\06 Graphics\Scene\..\..\ExternalDependencies\NeumontTools\lib" /LIBPATH:"C:\Users\csaavedra\Desktop\Degree\BSGD\06 Graphics\Scene\..\..\ExternalDependencies\glew\lib" /LIBPATH:"C:\Users\csaavedra\Desktop\Degree\BSGD\06 Graphics\Scene\..\..\ExternalDependencies\New DebugTools\Debug\\" Engine.lib "New DebugTools.lib" glew32.lib QtCored4.lib QtGuid4.lib QtOpenGLd4.lib NeumontTools.lib openGL32.lib kernel32.lib user32.lib gdi32.lib winspool.lib comdlg32.lib advapi32.lib shell32.lib ole32.lib oleaut32.lib uuid.lib odbc32.lib odbccp32.lib /MANIFEST /ManifestFile:"Debug\Temp\Scene.exe.intermediate.manifest" /MANIFESTUAC:"level='asInvoker' uiAccess='false'" /DEBUG /PDB:"C:\Users\csaavedra\Desktop\Degree\BSGD\06 Graphics\Scene\Debug\Scene.pdb" /SUBSYSTEM:CONSOLE /TLBID:1 /DYNAMICBASE /NXCOMPAT /IMPLIB:"C:\Users\csaavedra\Desktop\Degree\BSGD\06 Graphics\Scene\Debug\Scene.lib" /MACHINE:X86 Debug\Temp\Scene.exe.embed.manifest.res
         Debug\Temp\main.obj
         Debug\Temp\MainWindow.obj
         Debug\Temp\MainWindow_moc.obj
       Manifest:
         C:\Program Files (x86)\Microsoft SDKs\Windows\v7.0A\bin\mt.exe /nologo /verbose /out:"Debug\Temp\Scene.exe.embed.manifest" /manifest Debug\Temp\Scene.exe.intermediate.manifest
         C:\Program Files (x86)\Microsoft SDKs\Windows\v7.0A\bin\rc.exe /nologo /fo"Debug\Temp\Scene.exe.embed.manifest.res" Debug\Temp\Scene_manifest.rc 
       LinkEmbedManifest:
         c:\Program Files (x86)\Microsoft Visual Studio 10.0\VC\bin\link.exe /ERRORREPORT:PROMPT /OUT:"C:\Users\csaavedra\Desktop\Degree\BSGD\06 Graphics\Scene\Debug\Scene.exe" /INCREMENTAL /NOLOGO /LIBPATH:"C:\Users\csaavedra\Desktop\Degree\BSGD\06 Graphics\Scene\..\..\ExternalDependencies\New Engine\Debug\\" /LIBPATH:"C:\Users\csaavedra\Desktop\Degree\BSGD\06 Graphics\Scene\..\..\ExternalDependencies\Qt\lib" /LIBPATH:"C:\Users\csaavedra\Desktop\Degree\BSGD\06 Graphics\Scene\..\..\ExternalDependencies\NeumontTools\lib" /LIBPATH:"C:\Users\csaavedra\Desktop\Degree\BSGD\06 Graphics\Scene\..\..\ExternalDependencies\glew\lib" /LIBPATH:"C:\Users\csaavedra\Desktop\Degree\BSGD\06 Graphics\Scene\..\..\ExternalDependencies\New DebugTools\Debug\\" Engine.lib "New DebugTools.lib" glew32.lib QtCored4.lib QtGuid4.lib QtOpenGLd4.lib NeumontTools.lib openGL32.lib kernel32.lib user32.lib gdi32.lib winspool.lib comdlg32.lib advapi32.lib shell32.lib ole32.lib oleaut32.lib uuid.lib odbc32.lib odbccp32.lib /MANIFEST /ManifestFile:"Debug\Temp\Scene.exe.intermediate.manifest" /MANIFESTUAC:"level='asInvoker' uiAccess='false'" /DEBUG /PDB:"C:\Users\csaavedra\Desktop\Degree\BSGD\06 Graphics\Scene\Debug\Scene.pdb" /SUBSYSTEM:CONSOLE /TLBID:1 /DYNAMICBASE /NXCOMPAT /IMPLIB:"C:\Users\csaavedra\Desktop\Degree\BSGD\06 Graphics\Scene\Debug\Scene.lib" /MACHINE:X86 Debug\Temp\Scene.exe.embed.manifest.res
         Debug\Temp\main.obj
         Debug\Temp\MainWindow.obj
         Debug\Temp\MainWindow_moc.obj
         Scene.vcxproj -> C:\Users\csaavedra\Desktop\Degree\BSGD\06 Graphics\Scene\Debug\Scene.exe
     1>Done Building Project "C:\Users\csaavedra\Desktop\Degree\BSGD\06 Graphics\Scene\Scene.vcxproj" (Build target(s)).

Build succeeded.

Time Elapsed 00:00:03.80
