C:\USERS\CSAAVEDRA\DESKTOP\DEGREE\BSGD\06 GRAPHICS\SCENE\DEBUG\TEMP\MAIN.OBJ
C:\USERS\CSAAVEDRA\DESKTOP\DEGREE\BSGD\06 GRAPHICS\SCENE\DEBUG\TEMP\MAINWINDOW.OBJ
C:\USERS\CSAAVEDRA\DESKTOP\DEGREE\BSGD\06 GRAPHICS\SCENE\DEBUG\TEMP\MAINWINDOW_MOC.OBJ
C:\USERS\CSAAVEDRA\DESKTOP\DEGREE\BSGD\06 GRAPHICS\SCENE\DEBUG\TEMP\VC100.PDB
C:\USERS\CSAAVEDRA\DESKTOP\DEGREE\BSGD\06 GRAPHICS\SCENE\DEBUG\SCENE.ILK
C:\USERS\CSAAVEDRA\DESKTOP\DEGREE\BSGD\06 GRAPHICS\SCENE\DEBUG\SCENE.EXE
C:\USERS\CSAAVEDRA\DESKTOP\DEGREE\BSGD\06 GRAPHICS\SCENE\DEBUG\TEMP\SCENE.EXE.INTERMEDIATE.MANIFEST
C:\USERS\CSAAVEDRA\DESKTOP\DEGREE\BSGD\06 GRAPHICS\SCENE\DEBUG\SCENE.PDB
C:\USERS\CSAAVEDRA\DESKTOP\DEGREE\BSGD\06 GRAPHICS\SCENE\DEBUG\TEMP\SCENE.EXE.EMBED.MANIFEST
C:\USERS\CSAAVEDRA\DESKTOP\DEGREE\BSGD\06 GRAPHICS\SCENE\DEBUG\TEMP\SCENE.EXE.EMBED.MANIFEST.RES
C:\Users\csaavedra\Desktop\Degree\BSGD\06 Graphics\Scene\Debug\Temp\main.obj
C:\Users\csaavedra\Desktop\Degree\BSGD\06 Graphics\Scene\Debug\Temp\MainWindow.obj
C:\Users\csaavedra\Desktop\Degree\BSGD\06 Graphics\Scene\Debug\Temp\MainWindow_moc.obj
C:\Users\csaavedra\Desktop\Degree\BSGD\06 Graphics\Scene\Debug\Temp\cl.command.1.tlog
C:\Users\csaavedra\Desktop\Degree\BSGD\06 Graphics\Scene\Debug\Temp\CL.read.1.tlog
C:\Users\csaavedra\Desktop\Degree\BSGD\06 Graphics\Scene\Debug\Temp\CL.write.1.tlog
C:\Users\csaavedra\Desktop\Degree\BSGD\06 Graphics\Scene\Debug\Temp\link-cvtres.read.1.tlog
C:\Users\csaavedra\Desktop\Degree\BSGD\06 Graphics\Scene\Debug\Temp\link-cvtres.write.1.tlog
C:\Users\csaavedra\Desktop\Degree\BSGD\06 Graphics\Scene\Debug\Temp\link.37968-cvtres.read.1.tlog
C:\Users\csaavedra\Desktop\Degree\BSGD\06 Graphics\Scene\Debug\Temp\link.37968-cvtres.write.1.tlog
C:\Users\csaavedra\Desktop\Degree\BSGD\06 Graphics\Scene\Debug\Temp\link.37968.read.1.tlog
C:\Users\csaavedra\Desktop\Degree\BSGD\06 Graphics\Scene\Debug\Temp\link.37968.write.1.tlog
C:\Users\csaavedra\Desktop\Degree\BSGD\06 Graphics\Scene\Debug\Temp\link.8592-cvtres.read.1.tlog
C:\Users\csaavedra\Desktop\Degree\BSGD\06 Graphics\Scene\Debug\Temp\link.8592-cvtres.write.1.tlog
C:\Users\csaavedra\Desktop\Degree\BSGD\06 Graphics\Scene\Debug\Temp\link.8592.read.1.tlog
C:\Users\csaavedra\Desktop\Degree\BSGD\06 Graphics\Scene\Debug\Temp\link.8592.write.1.tlog
C:\Users\csaavedra\Desktop\Degree\BSGD\06 Graphics\Scene\Debug\Temp\link.command.1.tlog
C:\Users\csaavedra\Desktop\Degree\BSGD\06 Graphics\Scene\Debug\Temp\link.read.1.tlog
C:\Users\csaavedra\Desktop\Degree\BSGD\06 Graphics\Scene\Debug\Temp\link.write.1.tlog
C:\Users\csaavedra\Desktop\Degree\BSGD\06 Graphics\Scene\Debug\Temp\mt.command.1.tlog
C:\Users\csaavedra\Desktop\Degree\BSGD\06 Graphics\Scene\Debug\Temp\mt.read.1.tlog
C:\Users\csaavedra\Desktop\Degree\BSGD\06 Graphics\Scene\Debug\Temp\mt.write.1.tlog
C:\Users\csaavedra\Desktop\Degree\BSGD\06 Graphics\Scene\Debug\Temp\rc.command.1.tlog
C:\Users\csaavedra\Desktop\Degree\BSGD\06 Graphics\Scene\Debug\Temp\rc.read.1.tlog
C:\Users\csaavedra\Desktop\Degree\BSGD\06 Graphics\Scene\Debug\Temp\rc.write.1.tlog
C:\Users\csaavedra\Desktop\Degree\BSGD\06 Graphics\Scene\Debug\Temp\Scene.exe.embed.manifest
C:\Users\csaavedra\Desktop\Degree\BSGD\06 Graphics\Scene\Debug\Temp\Scene.exe.intermediate.manifest
C:\Users\csaavedra\Desktop\Degree\BSGD\06 Graphics\Scene\Debug\Temp\Scene.exe.embed.manifest.res
C:\Users\csaavedra\Desktop\Degree\BSGD\06 Graphics\Scene\Debug\Temp\vc100.idb
C:\Users\csaavedra\Desktop\Degree\BSGD\06 Graphics\Scene\Debug\Temp\vc100.pdb
C:\Users\csaavedra\Desktop\Degree\BSGD\06 Graphics\Scene\Debug\Temp\Scene_manifest.rc
C:\Users\csaavedra\Desktop\Degree\BSGD\06 Graphics\Scene\Debug\Scene.pdb
C:\Users\csaavedra\Desktop\Degree\BSGD\06 Graphics\Scene\Debug\Scene.exe
C:\Users\csaavedra\Desktop\Degree\BSGD\06 Graphics\Scene\Debug\Scene.ilk
