Build started 7/30/2014 1:15:52 AM.
     1>Project "C:\Users\csaavedra\Documents\GitHub\RenderingEngine\ExternalDependencies\New DebugTools\New DebugTools.vcxproj" on node 2 (Build target(s)).
     1>ClCompile:
         c:\Program Files (x86)\Microsoft Visual Studio 10.0\VC\bin\CL.exe /c /I"C:\Users\csaavedra\Documents\GitHub\RenderingEngine\Graphics Scene\Scene\..\..\ExternalDependencies\New Engine\\" /I"C:\Users\csaavedra\Documents\GitHub\RenderingEngine\Graphics Scene\Scene\..\..\ExternalDependencies\glm\\" /I"C:\Users\csaavedra\Documents\GitHub\RenderingEngine\Graphics Scene\Scene\..\..\ExternalDependencies\glew\include" /I"C:\Users\csaavedra\Documents\GitHub\RenderingEngine\Graphics Scene\Scene\..\..\ExternalDependencies\NeumontTools\include" /I"C:\Users\csaavedra\Documents\GitHub\RenderingEngine\Graphics Scene\Scene\..\..\ExternalDependencies\Qt\include" /I"C:\Users\csaavedra\Documents\GitHub\RenderingEngine\Graphics Scene\Scene\..\..\ExternalDependencies\LibNoise\include" /ZI /nologo /W4 /WX /Od /Oy- /D WIN32 /D _DEBUG /D _WINDOWS /D _USRDLL /D DEBUG_EXPORTS /D _WINDLL /D _UNICODE /D UNICODE /Gm /EHsc /RTC1 /MDd /GS /fp:precise /Zc:wchar_t /Zc:forScope /Fo"Debug\Temp\\" /Fd"Debug\Temp\vc100.pdb" /Gd /TP /wd4201 /wd4251 /wd4127 /wd4244 /wd4482 /wd4552 /analyze- /errorReport:queue DebugShapes.cpp DebugTools.cpp dllmain.cpp
         dllmain.cpp
         DebugTools.cpp
         DebugShapes.cpp
         Generating Code...
       ManifestResourceCompile:
         C:\Program Files (x86)\Microsoft SDKs\Windows\v7.0A\bin\rc.exe /nologo /fo"Debug\Temp\New DebugTools.dll.embed.manifest.res" "Debug\Temp\New DebugTools_manifest.rc" 
       PreLinkEvent:
         
         COPY "C:\Users\csaavedra\Documents\GitHub\RenderingEngine\Graphics Scene\Scene\..\..\ExternalDependencies\New Engine\Debug\Engine.dll" "C:\Users\csaavedra\Documents\GitHub\RenderingEngine\ExternalDependencies\New DebugTools\Debug\" 
         :VCEnd
                 1 file(s) copied.
       Link:
         c:\Program Files (x86)\Microsoft Visual Studio 10.0\VC\bin\link.exe /ERRORREPORT:PROMPT /OUT:"C:\Users\csaavedra\Documents\GitHub\RenderingEngine\ExternalDependencies\New DebugTools\Debug\New DebugTools.dll" /INCREMENTAL /NOLOGO /LIBPATH:"C:\Users\csaavedra\Documents\GitHub\RenderingEngine\Graphics Scene\Scene\..\..\ExternalDependencies\New Engine\Debug\\" /LIBPATH:"C:\Users\csaavedra\Documents\GitHub\RenderingEngine\Graphics Scene\Scene\..\..\ExternalDependencies\Qt\lib" /LIBPATH:"C:\Users\csaavedra\Documents\GitHub\RenderingEngine\Graphics Scene\Scene\..\..\ExternalDependencies\NeumontTools\lib" /LIBPATH:"C:\Users\csaavedra\Documents\GitHub\RenderingEngine\Graphics Scene\Scene\..\..\ExternalDependencies\glew\lib" /LIBPATH:"C:\Users\csaavedra\Documents\GitHub\RenderingEngine\Graphics Scene\Scene\..\..\ExternalDependencies\LibNoise\bin" Engine.lib glew32.lib QtCored4.lib QtGuid4.lib QtOpenGLd4.lib NeumontTools.lib openGL32.lib libnoise.lib kernel32.lib user32.lib gdi32.lib winspool.lib comdlg32.lib advapi32.lib shell32.lib ole32.lib oleaut32.lib uuid.lib odbc32.lib odbccp32.lib /MANIFEST /ManifestFile:"Debug\Temp\New DebugTools.dll.intermediate.manifest" /MANIFESTUAC:"level='asInvoker' uiAccess='false'" /DEBUG /PDB:"C:\Users\csaavedra\Documents\GitHub\RenderingEngine\ExternalDependencies\New DebugTools\Debug\New DebugTools.pdb" /SUBSYSTEM:WINDOWS /TLBID:1 /DYNAMICBASE /NXCOMPAT /IMPLIB:"C:\Users\csaavedra\Documents\GitHub\RenderingEngine\ExternalDependencies\New DebugTools\Debug\New DebugTools.lib" /MACHINE:X86 /DLL "Debug\Temp\New DebugTools.dll.embed.manifest.res"
         Debug\Temp\DebugShapes.obj
         Debug\Temp\DebugTools.obj
         Debug\Temp\dllmain.obj
            Creating library C:\Users\csaavedra\Documents\GitHub\RenderingEngine\ExternalDependencies\New DebugTools\Debug\New DebugTools.lib and object C:\Users\csaavedra\Documents\GitHub\RenderingEngine\ExternalDependencies\New DebugTools\Debug\New DebugTools.exp
       Manifest:
         C:\Program Files (x86)\Microsoft SDKs\Windows\v7.0A\bin\mt.exe /nologo /verbose /out:"Debug\Temp\New DebugTools.dll.embed.manifest" /manifest "Debug\Temp\New DebugTools.dll.intermediate.manifest"
       LinkEmbedManifest:
         New DebugTools.vcxproj -> C:\Users\csaavedra\Documents\GitHub\RenderingEngine\ExternalDependencies\New DebugTools\Debug\New DebugTools.dll
     1>Done Building Project "C:\Users\csaavedra\Documents\GitHub\RenderingEngine\ExternalDependencies\New DebugTools\New DebugTools.vcxproj" (Build target(s)).

Build succeeded.

Time Elapsed 00:00:02.74
