C:\USERS\CSAAVEDRA\DESKTOP\DEGREE\BSGD\EXTERNALDEPENDENCIES\NEW DEBUGTOOLS\DEBUG\TEMP\DEBUGSHAPES.OBJ
C:\USERS\CSAAVEDRA\DESKTOP\DEGREE\BSGD\EXTERNALDEPENDENCIES\NEW DEBUGTOOLS\DEBUG\TEMP\DEBUGTOOLS.OBJ
C:\USERS\CSAAVEDRA\DESKTOP\DEGREE\BSGD\EXTERNALDEPENDENCIES\NEW DEBUGTOOLS\DEBUG\TEMP\DLLMAIN.OBJ
C:\USERS\CSAAVEDRA\DESKTOP\DEGREE\BSGD\EXTERNALDEPENDENCIES\NEW DEBUGTOOLS\DEBUG\TEMP\VC100.PDB
C:\USERS\CSAAVEDRA\DESKTOP\DEGREE\BSGD\EXTERNALDEPENDENCIES\NEW DEBUGTOOLS\DEBUG\NEW DEBUGTOOLS.ILK
C:\USERS\CSAAVEDRA\DESKTOP\DEGREE\BSGD\EXTERNALDEPENDENCIES\NEW DEBUGTOOLS\DEBUG\NEW DEBUGTOOLS.DLL
C:\USERS\CSAAVEDRA\DESKTOP\DEGREE\BSGD\EXTERNALDEPENDENCIES\NEW DEBUGTOOLS\DEBUG\TEMP\NEW DEBUGTOOLS.DLL.INTERMEDIATE.MANIFEST
C:\USERS\CSAAVEDRA\DESKTOP\DEGREE\BSGD\EXTERNALDEPENDENCIES\NEW DEBUGTOOLS\DEBUG\NEW DEBUGTOOLS.PDB
C:\USERS\CSAAVEDRA\DESKTOP\DEGREE\BSGD\EXTERNALDEPENDENCIES\NEW DEBUGTOOLS\DEBUG\TEMP\NEW DEBUGTOOLS.DLL.EMBED.MANIFEST
C:\Users\csaavedra\Desktop\Degree\BSGD\ExternalDependencies\New DebugTools\Debug\New DebugTools.lib
C:\Users\csaavedra\Desktop\Degree\BSGD\ExternalDependencies\New DebugTools\Debug\New DebugTools.exp
C:\USERS\CSAAVEDRA\DESKTOP\DEGREE\BSGD\EXTERNALDEPENDENCIES\NEW DEBUGTOOLS\DEBUG\TEMP\NEW DEBUGTOOLS.DLL.EMBED.MANIFEST.RES
C:\Users\csaavedra\Desktop\Degree\BSGD\ExternalDependencies\New DebugTools\Debug\Temp\DebugShapes.obj
C:\Users\csaavedra\Desktop\Degree\BSGD\ExternalDependencies\New DebugTools\Debug\Temp\DebugTools.obj
C:\Users\csaavedra\Desktop\Degree\BSGD\ExternalDependencies\New DebugTools\Debug\Temp\dllmain.obj
C:\Users\csaavedra\Desktop\Degree\BSGD\ExternalDependencies\New DebugTools\Debug\Temp\cl.command.1.tlog
C:\Users\csaavedra\Desktop\Degree\BSGD\ExternalDependencies\New DebugTools\Debug\Temp\CL.read.1.tlog
C:\Users\csaavedra\Desktop\Degree\BSGD\ExternalDependencies\New DebugTools\Debug\Temp\CL.write.1.tlog
C:\Users\csaavedra\Desktop\Degree\BSGD\ExternalDependencies\New DebugTools\Debug\Temp\link-cvtres.read.1.tlog
C:\Users\csaavedra\Desktop\Degree\BSGD\ExternalDependencies\New DebugTools\Debug\Temp\link-cvtres.write.1.tlog
C:\Users\csaavedra\Desktop\Degree\BSGD\ExternalDependencies\New DebugTools\Debug\Temp\link.9956-cvtres.read.1.tlog
C:\Users\csaavedra\Desktop\Degree\BSGD\ExternalDependencies\New DebugTools\Debug\Temp\link.9956-cvtres.write.1.tlog
C:\Users\csaavedra\Desktop\Degree\BSGD\ExternalDependencies\New DebugTools\Debug\Temp\link.9956.read.1.tlog
C:\Users\csaavedra\Desktop\Degree\BSGD\ExternalDependencies\New DebugTools\Debug\Temp\link.9956.write.1.tlog
C:\Users\csaavedra\Desktop\Degree\BSGD\ExternalDependencies\New DebugTools\Debug\Temp\link.command.1.tlog
C:\Users\csaavedra\Desktop\Degree\BSGD\ExternalDependencies\New DebugTools\Debug\Temp\link.read.1.tlog
C:\Users\csaavedra\Desktop\Degree\BSGD\ExternalDependencies\New DebugTools\Debug\Temp\link.write.1.tlog
C:\Users\csaavedra\Desktop\Degree\BSGD\ExternalDependencies\New DebugTools\Debug\Temp\mt.command.1.tlog
C:\Users\csaavedra\Desktop\Degree\BSGD\ExternalDependencies\New DebugTools\Debug\Temp\mt.read.1.tlog
C:\Users\csaavedra\Desktop\Degree\BSGD\ExternalDependencies\New DebugTools\Debug\Temp\mt.write.1.tlog
C:\Users\csaavedra\Desktop\Degree\BSGD\ExternalDependencies\New DebugTools\Debug\Temp\New DebugTools.write.1.tlog
C:\Users\csaavedra\Desktop\Degree\BSGD\ExternalDependencies\New DebugTools\Debug\Temp\rc.command.1.tlog
C:\Users\csaavedra\Desktop\Degree\BSGD\ExternalDependencies\New DebugTools\Debug\Temp\rc.read.1.tlog
C:\Users\csaavedra\Desktop\Degree\BSGD\ExternalDependencies\New DebugTools\Debug\Temp\rc.write.1.tlog
C:\Users\csaavedra\Desktop\Degree\BSGD\ExternalDependencies\New DebugTools\Debug\Temp\New DebugTools.dll.embed.manifest
C:\Users\csaavedra\Desktop\Degree\BSGD\ExternalDependencies\New DebugTools\Debug\Temp\New DebugTools.dll.intermediate.manifest
C:\Users\csaavedra\Desktop\Degree\BSGD\ExternalDependencies\New DebugTools\Debug\Temp\New DebugTools.dll.embed.manifest.res
C:\Users\csaavedra\Desktop\Degree\BSGD\ExternalDependencies\New DebugTools\Debug\Temp\vc100.idb
C:\Users\csaavedra\Desktop\Degree\BSGD\ExternalDependencies\New DebugTools\Debug\Temp\vc100.pdb
C:\Users\csaavedra\Desktop\Degree\BSGD\ExternalDependencies\New DebugTools\Debug\Temp\New DebugTools_manifest.rc
C:\Users\csaavedra\Desktop\Degree\BSGD\ExternalDependencies\New DebugTools\Debug\New DebugTools.pdb
C:\Users\csaavedra\Desktop\Degree\BSGD\ExternalDependencies\New DebugTools\Debug\New DebugTools.dll
C:\Users\csaavedra\Desktop\Degree\BSGD\ExternalDependencies\New DebugTools\Debug\New DebugTools.ilk
